<?xml version="1.0" encoding="UTF-8"?>
<coverage generated="1580250454204" clover="3.2.0">
  <project timestamp="1580250454205" name="All files">
    <metrics statements="60" coveredstatements="24" conditionals="28" coveredconditionals="2" methods="17" coveredmethods="12" elements="105" coveredelements="38" complexity="0" loc="60" ncloc="60" packages="4" files="4" classes="4"/>
    <package name="kata.5kyu.Largest Product In A Series">
      <metrics statements="21" coveredstatements="5" conditionals="6" coveredconditionals="0" methods="2" coveredmethods="1"/>
      <file name="solution.js" path="/home/caner/Workspace/new/codewars/solutions/kata/5kyu/Largest Product In A Series/solution.js">
        <metrics statements="21" coveredstatements="5" conditionals="6" coveredconditionals="0" methods="2" coveredmethods="1"/>
        <line num="4" count="5" type="stmt"/>
        <line num="5" count="5" type="stmt"/>
        <line num="6" count="117" type="stmt"/>
        <line num="8" count="5" type="stmt"/>
        <line num="13" count="1" type="stmt"/>
        <line num="16" count="0" type="stmt"/>
        <line num="19" count="0" type="stmt"/>
        <line num="20" count="0" type="stmt"/>
        <line num="21" count="0" type="stmt"/>
        <line num="23" count="0" type="stmt"/>
        <line num="24" count="0" type="stmt"/>
        <line num="27" count="0" type="cond" truecount="0" falsecount="2"/>
        <line num="28" count="0" type="stmt"/>
        <line num="29" count="0" type="stmt"/>
        <line num="33" count="0" type="cond" truecount="0" falsecount="2"/>
        <line num="34" count="0" type="stmt"/>
        <line num="35" count="0" type="stmt"/>
        <line num="38" count="0" type="stmt"/>
        <line num="39" count="0" type="stmt"/>
        <line num="42" count="0" type="cond" truecount="0" falsecount="2"/>
        <line num="45" count="0" type="stmt"/>
      </file>
    </package>
    <package name="kata.6kyu.Pokemon Damage Calculator">
      <metrics statements="23" coveredstatements="8" conditionals="18" coveredconditionals="0" methods="5" coveredmethods="2"/>
      <file name="solution.js" path="/home/caner/Workspace/new/codewars/solutions/kata/6kyu/Pokemon Damage Calculator/solution.js">
        <metrics statements="23" coveredstatements="8" conditionals="18" coveredconditionals="0" methods="5" coveredmethods="2"/>
        <line num="7" count="44" type="stmt"/>
        <line num="8" count="44" type="stmt"/>
        <line num="9" count="44" type="stmt"/>
        <line num="10" count="44" type="stmt"/>
        <line num="13" count="1" type="stmt"/>
        <line num="14" count="11" type="stmt"/>
        <line num="20" count="11" type="stmt"/>
        <line num="26" count="1" type="stmt"/>
        <line num="34" count="0" type="stmt"/>
        <line num="35" count="0" type="stmt"/>
        <line num="36" count="0" type="cond" truecount="0" falsecount="4"/>
        <line num="38" count="0" type="cond" truecount="0" falsecount="2"/>
        <line num="39" count="0" type="cond" truecount="0" falsecount="2"/>
        <line num="40" count="0" type="stmt"/>
        <line num="43" count="0" type="cond" truecount="0" falsecount="2"/>
        <line num="44" count="0" type="stmt"/>
        <line num="47" count="0" type="cond" truecount="0" falsecount="2"/>
        <line num="48" count="0" type="cond" truecount="0" falsecount="2"/>
        <line num="49" count="0" type="stmt"/>
        <line num="52" count="0" type="cond" truecount="0" falsecount="2"/>
        <line num="53" count="0" type="cond" truecount="0" falsecount="2"/>
        <line num="54" count="0" type="stmt"/>
        <line num="57" count="0" type="stmt"/>
      </file>
    </package>
    <package name="kata.7kyu.Credit Card Mask">
      <metrics statements="6" coveredstatements="1" conditionals="4" coveredconditionals="2" methods="2" coveredmethods="1"/>
      <file name="solution.js" path="/home/caner/Workspace/new/codewars/solutions/kata/7kyu/Credit Card Mask/solution.js">
        <metrics statements="6" coveredstatements="1" conditionals="4" coveredconditionals="2" methods="2" coveredmethods="1"/>
        <line num="2" count="11" type="cond" truecount="2" falsecount="0"/>
        <line num="6" count="0" type="cond" truecount="0" falsecount="2"/>
        <line num="7" count="0" type="stmt"/>
        <line num="9" count="0" type="stmt"/>
        <line num="10" count="0" type="stmt"/>
        <line num="11" count="0" type="stmt"/>
      </file>
    </package>
    <package name="lib">
      <metrics statements="10" coveredstatements="10" conditionals="0" coveredconditionals="0" methods="8" coveredmethods="8"/>
      <file name="testHelper.js" path="/home/caner/Workspace/new/codewars/solutions/lib/testHelper.js">
        <metrics statements="10" coveredstatements="10" conditionals="0" coveredconditionals="0" methods="8" coveredmethods="8"/>
        <line num="2" count="8" type="stmt"/>
        <line num="8" count="3" type="stmt"/>
        <line num="9" count="27" type="stmt"/>
        <line num="19" count="3" type="stmt"/>
        <line num="20" count="3" type="stmt"/>
        <line num="21" count="8" type="stmt"/>
        <line num="22" count="8" type="stmt"/>
        <line num="23" count="27" type="stmt"/>
        <line num="36" count="27" type="stmt"/>
        <line num="37" count="27" type="stmt"/>
      </file>
    </package>
  </project>
</coverage>
