{"/home/caner/Workspace/new/codewars/solutions/kata/5kyu/Largest Product In A Series/solution.js": {"path":"/home/caner/Workspace/new/codewars/solutions/kata/5kyu/Largest Product In A Series/solution.js","statementMap":{"0":{"start":{"line":4,"column":12},"end":{"line":4,"column":13}},"1":{"start":{"line":5,"column":2},"end":{"line":7,"column":3}},"2":{"start":{"line":5,"column":16},"end":{"line":5,"column":17}},"3":{"start":{"line":6,"column":4},"end":{"line":6,"column":80}},"4":{"start":{"line":8,"column":2},"end":{"line":8,"column":13}},"5":{"start":{"line":13,"column":25},"end":{"line":13,"column":26}},"6":{"start":{"line":16,"column":21},"end":{"line":16,"column":36}},"7":{"start":{"line":19,"column":14},"end":{"line":19,"column":16}},"8":{"start":{"line":20,"column":14},"end":{"line":20,"column":15}},"9":{"start":{"line":21,"column":12},"end":{"line":21,"column":13}},"10":{"start":{"line":23,"column":2},"end":{"line":44,"column":3}},"11":{"start":{"line":23,"column":15},"end":{"line":23,"column":16}},"12":{"start":{"line":24,"column":25},"end":{"line":24,"column":48}},"13":{"start":{"line":27,"column":4},"end":{"line":43,"column":5}},"14":{"start":{"line":28,"column":6},"end":{"line":28,"column":16}},"15":{"start":{"line":29,"column":6},"end":{"line":29,"column":15}},"16":{"start":{"line":33,"column":6},"end":{"line":36,"column":7}},"17":{"start":{"line":34,"column":8},"end":{"line":34,"column":21}},"18":{"start":{"line":35,"column":8},"end":{"line":35,"column":42}},"19":{"start":{"line":38,"column":6},"end":{"line":38,"column":27}},"20":{"start":{"line":39,"column":6},"end":{"line":39,"column":30}},"21":{"start":{"line":42,"column":6},"end":{"line":42,"column":69}},"22":{"start":{"line":42,"column":58},"end":{"line":42,"column":69}},"23":{"start":{"line":45,"column":2},"end":{"line":45,"column":13}}},"fnMap":{"0":{"name":"greatestProduct","decl":{"start":{"line":3,"column":16},"end":{"line":3,"column":31}},"loc":{"start":{"line":3,"column":39},"end":{"line":9,"column":1}},"line":3},"1":{"name":"greatestProduct2","decl":{"start":{"line":14,"column":16},"end":{"line":14,"column":32}},"loc":{"start":{"line":14,"column":40},"end":{"line":46,"column":1}},"line":14}},"branchMap":{"0":{"loc":{"start":{"line":27,"column":4},"end":{"line":43,"column":5}},"type":"if","locations":[{"start":{"line":27,"column":4},"end":{"line":43,"column":5}},{"start":{"line":27,"column":4},"end":{"line":43,"column":5}}],"line":27},"1":{"loc":{"start":{"line":33,"column":6},"end":{"line":36,"column":7}},"type":"if","locations":[{"start":{"line":33,"column":6},"end":{"line":36,"column":7}},{"start":{"line":33,"column":6},"end":{"line":36,"column":7}}],"line":33},"2":{"loc":{"start":{"line":42,"column":6},"end":{"line":42,"column":69}},"type":"if","locations":[{"start":{"line":42,"column":6},"end":{"line":42,"column":69}},{"start":{"line":42,"column":6},"end":{"line":42,"column":69}}],"line":42}},"s":{"0":5,"1":5,"2":5,"3":117,"4":5,"5":1,"6":0,"7":0,"8":0,"9":0,"10":0,"11":0,"12":0,"13":0,"14":0,"15":0,"16":0,"17":0,"18":0,"19":0,"20":0,"21":0,"22":0,"23":0},"f":{"0":5,"1":0},"b":{"0":[0,0],"1":[0,0],"2":[0,0]},"_coverageSchema":"1a1c01bbd47fc00a2c39e90264f33305004495a9","hash":"4b5d97fdb7f27fae812050702fd7a7c24c21b678"}
,"/home/caner/Workspace/new/codewars/solutions/kata/6kyu/Pokemon Damage Calculator/solution.js": {"path":"/home/caner/Workspace/new/codewars/solutions/kata/6kyu/Pokemon Damage Calculator/solution.js","statementMap":{"0":{"start":{"line":7,"column":4},"end":{"line":7,"column":20}},"1":{"start":{"line":8,"column":4},"end":{"line":8,"column":22}},"2":{"start":{"line":9,"column":4},"end":{"line":9,"column":22}},"3":{"start":{"line":10,"column":4},"end":{"line":10,"column":28}},"4":{"start":{"line":13,"column":31},"end":{"line":21,"column":1}},"5":{"start":{"line":14,"column":17},"end":{"line":19,"column":3}},"6":{"start":{"line":20,"column":2},"end":{"line":20,"column":64}},"7":{"start":{"line":26,"column":21},"end":{"line":31,"column":1}},"8":{"start":{"line":34,"column":26},"end":{"line":34,"column":101}},"9":{"start":{"line":34,"column":62},"end":{"line":34,"column":101}},"10":{"start":{"line":35,"column":33},"end":{"line":56,"column":3}},"11":{"start":{"line":36,"column":4},"end":{"line":55,"column":5}},"12":{"start":{"line":38,"column":8},"end":{"line":39,"column":62}},"13":{"start":{"line":38,"column":44},"end":{"line":38,"column":53}},"14":{"start":{"line":39,"column":13},"end":{"line":39,"column":62}},"15":{"start":{"line":39,"column":53},"end":{"line":39,"column":62}},"16":{"start":{"line":40,"column":8},"end":{"line":40,"column":19}},"17":{"start":{"line":43,"column":8},"end":{"line":43,"column":52}},"18":{"start":{"line":43,"column":43},"end":{"line":43,"column":52}},"19":{"start":{"line":44,"column":8},"end":{"line":44,"column":19}},"20":{"start":{"line":47,"column":8},"end":{"line":48,"column":61}},"21":{"start":{"line":47,"column":44},"end":{"line":47,"column":53}},"22":{"start":{"line":48,"column":13},"end":{"line":48,"column":61}},"23":{"start":{"line":48,"column":52},"end":{"line":48,"column":61}},"24":{"start":{"line":49,"column":8},"end":{"line":49,"column":19}},"25":{"start":{"line":52,"column":8},"end":{"line":53,"column":50}},"26":{"start":{"line":52,"column":44},"end":{"line":52,"column":53}},"27":{"start":{"line":53,"column":13},"end":{"line":53,"column":50}},"28":{"start":{"line":53,"column":39},"end":{"line":53,"column":50}},"29":{"start":{"line":54,"column":8},"end":{"line":54,"column":17}},"30":{"start":{"line":57,"column":2},"end":{"line":57,"column":89}}},"fnMap":{"0":{"name":"(anonymous_0)","decl":{"start":{"line":6,"column":2},"end":{"line":6,"column":3}},"loc":{"start":{"line":6,"column":43},"end":{"line":11,"column":3}},"line":6},"1":{"name":"(anonymous_1)","decl":{"start":{"line":13,"column":31},"end":{"line":13,"column":32}},"loc":{"start":{"line":13,"column":76},"end":{"line":21,"column":1}},"line":13},"2":{"name":"calculateDamage2","decl":{"start":{"line":33,"column":16},"end":{"line":33,"column":32}},"loc":{"start":{"line":33,"column":73},"end":{"line":58,"column":1}},"line":33},"3":{"name":"(anonymous_3)","decl":{"start":{"line":34,"column":26},"end":{"line":34,"column":27}},"loc":{"start":{"line":34,"column":62},"end":{"line":34,"column":101}},"line":34},"4":{"name":"(anonymous_4)","decl":{"start":{"line":35,"column":33},"end":{"line":35,"column":34}},"loc":{"start":{"line":35,"column":57},"end":{"line":56,"column":3}},"line":35}},"branchMap":{"0":{"loc":{"start":{"line":36,"column":4},"end":{"line":55,"column":5}},"type":"switch","locations":[{"start":{"line":37,"column":6},"end":{"line":40,"column":19}},{"start":{"line":42,"column":6},"end":{"line":44,"column":19}},{"start":{"line":46,"column":6},"end":{"line":49,"column":19}},{"start":{"line":51,"column":6},"end":{"line":54,"column":17}}],"line":36},"1":{"loc":{"start":{"line":38,"column":8},"end":{"line":39,"column":62}},"type":"if","locations":[{"start":{"line":38,"column":8},"end":{"line":39,"column":62}},{"start":{"line":38,"column":8},"end":{"line":39,"column":62}}],"line":38},"2":{"loc":{"start":{"line":39,"column":13},"end":{"line":39,"column":62}},"type":"if","locations":[{"start":{"line":39,"column":13},"end":{"line":39,"column":62}},{"start":{"line":39,"column":13},"end":{"line":39,"column":62}}],"line":39},"3":{"loc":{"start":{"line":43,"column":8},"end":{"line":43,"column":52}},"type":"if","locations":[{"start":{"line":43,"column":8},"end":{"line":43,"column":52}},{"start":{"line":43,"column":8},"end":{"line":43,"column":52}}],"line":43},"4":{"loc":{"start":{"line":47,"column":8},"end":{"line":48,"column":61}},"type":"if","locations":[{"start":{"line":47,"column":8},"end":{"line":48,"column":61}},{"start":{"line":47,"column":8},"end":{"line":48,"column":61}}],"line":47},"5":{"loc":{"start":{"line":48,"column":13},"end":{"line":48,"column":61}},"type":"if","locations":[{"start":{"line":48,"column":13},"end":{"line":48,"column":61}},{"start":{"line":48,"column":13},"end":{"line":48,"column":61}}],"line":48},"6":{"loc":{"start":{"line":52,"column":8},"end":{"line":53,"column":50}},"type":"if","locations":[{"start":{"line":52,"column":8},"end":{"line":53,"column":50}},{"start":{"line":52,"column":8},"end":{"line":53,"column":50}}],"line":52},"7":{"loc":{"start":{"line":53,"column":13},"end":{"line":53,"column":50}},"type":"if","locations":[{"start":{"line":53,"column":13},"end":{"line":53,"column":50}},{"start":{"line":53,"column":13},"end":{"line":53,"column":50}}],"line":53}},"s":{"0":44,"1":44,"2":44,"3":44,"4":1,"5":11,"6":11,"7":1,"8":0,"9":0,"10":0,"11":0,"12":0,"13":0,"14":0,"15":0,"16":0,"17":0,"18":0,"19":0,"20":0,"21":0,"22":0,"23":0,"24":0,"25":0,"26":0,"27":0,"28":0,"29":0,"30":0},"f":{"0":44,"1":11,"2":0,"3":0,"4":0},"b":{"0":[0,0,0,0],"1":[0,0],"2":[0,0],"3":[0,0],"4":[0,0],"5":[0,0],"6":[0,0],"7":[0,0]},"_coverageSchema":"1a1c01bbd47fc00a2c39e90264f33305004495a9","hash":"c81082ee84c23d0f6a3f9aa38314366c254248dc"}
,"/home/caner/Workspace/new/codewars/solutions/kata/7kyu/Credit Card Mask/solution.js": {"path":"/home/caner/Workspace/new/codewars/solutions/kata/7kyu/Credit Card Mask/solution.js","statementMap":{"0":{"start":{"line":2,"column":23},"end":{"line":2,"column":108}},"1":{"start":{"line":2,"column":30},"end":{"line":2,"column":107}},"2":{"start":{"line":6,"column":2},"end":{"line":12,"column":3}},"3":{"start":{"line":7,"column":4},"end":{"line":7,"column":14}},"4":{"start":{"line":9,"column":25},"end":{"line":9,"column":50}},"5":{"start":{"line":10,"column":24},"end":{"line":10,"column":51}},"6":{"start":{"line":11,"column":4},"end":{"line":11,"column":38}}},"fnMap":{"0":{"name":"(anonymous_0)","decl":{"start":{"line":2,"column":23},"end":{"line":2,"column":24}},"loc":{"start":{"line":2,"column":30},"end":{"line":2,"column":107}},"line":2},"1":{"name":"maskify2","decl":{"start":{"line":5,"column":16},"end":{"line":5,"column":24}},"loc":{"start":{"line":5,"column":29},"end":{"line":13,"column":1}},"line":5}},"branchMap":{"0":{"loc":{"start":{"line":2,"column":30},"end":{"line":2,"column":107}},"type":"cond-expr","locations":[{"start":{"line":2,"column":47},"end":{"line":2,"column":49}},{"start":{"line":2,"column":52},"end":{"line":2,"column":107}}],"line":2},"1":{"loc":{"start":{"line":6,"column":2},"end":{"line":12,"column":3}},"type":"if","locations":[{"start":{"line":6,"column":2},"end":{"line":12,"column":3}},{"start":{"line":6,"column":2},"end":{"line":12,"column":3}}],"line":6}},"s":{"0":1,"1":11,"2":0,"3":0,"4":0,"5":0,"6":0},"f":{"0":11,"1":0},"b":{"0":[6,5],"1":[0,0]},"_coverageSchema":"1a1c01bbd47fc00a2c39e90264f33305004495a9","hash":"5ae872d9deaa3db5fa7e903fc60346a8efeabc54"}
,"/home/caner/Workspace/new/codewars/solutions/lib/testHelper.js": {"path":"/home/caner/Workspace/new/codewars/solutions/lib/testHelper.js","statementMap":{"0":{"start":{"line":2,"column":19},"end":{"line":2,"column":72}},"1":{"start":{"line":2,"column":26},"end":{"line":2,"column":72}},"2":{"start":{"line":8,"column":27},"end":{"line":12,"column":1}},"3":{"start":{"line":9,"column":2},"end":{"line":11,"column":3}},"4":{"start":{"line":19,"column":31},"end":{"line":27,"column":1}},"5":{"start":{"line":20,"column":2},"end":{"line":26,"column":5}},"6":{"start":{"line":21,"column":4},"end":{"line":25,"column":7}},"7":{"start":{"line":22,"column":6},"end":{"line":24,"column":9}},"8":{"start":{"line":23,"column":8},"end":{"line":23,"column":78}},"9":{"start":{"line":23,"column":55},"end":{"line":23,"column":76}},"10":{"start":{"line":36,"column":4},"end":{"line":36,"column":22}},"11":{"start":{"line":37,"column":4},"end":{"line":37,"column":28}}},"fnMap":{"0":{"name":"(anonymous_0)","decl":{"start":{"line":2,"column":19},"end":{"line":2,"column":20}},"loc":{"start":{"line":2,"column":26},"end":{"line":2,"column":72}},"line":2},"1":{"name":"(anonymous_1)","decl":{"start":{"line":8,"column":27},"end":{"line":8,"column":28}},"loc":{"start":{"line":8,"column":45},"end":{"line":12,"column":1}},"line":8},"2":{"name":"(anonymous_2)","decl":{"start":{"line":19,"column":31},"end":{"line":19,"column":32}},"loc":{"start":{"line":19,"column":50},"end":{"line":27,"column":1}},"line":19},"3":{"name":"(anonymous_3)","decl":{"start":{"line":20,"column":33},"end":{"line":20,"column":34}},"loc":{"start":{"line":20,"column":46},"end":{"line":26,"column":3}},"line":20},"4":{"name":"(anonymous_4)","decl":{"start":{"line":21,"column":47},"end":{"line":21,"column":48}},"loc":{"start":{"line":21,"column":53},"end":{"line":25,"column":5}},"line":21},"5":{"name":"(anonymous_5)","decl":{"start":{"line":22,"column":35},"end":{"line":22,"column":36}},"loc":{"start":{"line":22,"column":43},"end":{"line":24,"column":7}},"line":22},"6":{"name":"(anonymous_6)","decl":{"start":{"line":23,"column":49},"end":{"line":23,"column":50}},"loc":{"start":{"line":23,"column":55},"end":{"line":23,"column":76}},"line":23},"7":{"name":"(anonymous_7)","decl":{"start":{"line":35,"column":2},"end":{"line":35,"column":3}},"loc":{"start":{"line":35,"column":30},"end":{"line":38,"column":3}},"line":35}},"branchMap":{},"s":{"0":3,"1":8,"2":3,"3":27,"4":3,"5":3,"6":8,"7":8,"8":27,"9":27,"10":27,"11":27},"f":{"0":8,"1":27,"2":3,"3":8,"4":8,"5":27,"6":27,"7":27},"b":{},"_coverageSchema":"1a1c01bbd47fc00a2c39e90264f33305004495a9","hash":"2f085b2c14fd1a673dff7980b916451a0a709587"}
}
