{"/home/ls/Workspace/my/codewars/kata/6kyu/Pokemon Damage Calculator/solution.js": {"path":"/home/ls/Workspace/my/codewars/kata/6kyu/Pokemon Damage Calculator/solution.js","statementMap":{"0":{"start":{"line":2,"column":2},"end":{"line":2,"column":11}}},"fnMap":{"0":{"name":"calculateDamage","decl":{"start":{"line":1,"column":16},"end":{"line":1,"column":31}},"loc":{"start":{"line":1,"column":72},"end":{"line":3,"column":1}},"line":1}},"branchMap":{},"s":{"0":7},"f":{"0":7},"b":{},"_coverageSchema":"1a1c01bbd47fc00a2c39e90264f33305004495a9","hash":"73bf3dbd6dfba72401602c011af200b3ca379fcb"}
,"/home/ls/Workspace/my/codewars/kata/7kyu/Credit Card Mask/solution.js": {"path":"/home/ls/Workspace/my/codewars/kata/7kyu/Credit Card Mask/solution.js","statementMap":{"0":{"start":{"line":2,"column":23},"end":{"line":2,"column":108}},"1":{"start":{"line":2,"column":30},"end":{"line":2,"column":107}},"2":{"start":{"line":6,"column":2},"end":{"line":12,"column":3}},"3":{"start":{"line":7,"column":4},"end":{"line":7,"column":14}},"4":{"start":{"line":9,"column":25},"end":{"line":9,"column":50}},"5":{"start":{"line":10,"column":24},"end":{"line":10,"column":51}},"6":{"start":{"line":11,"column":4},"end":{"line":11,"column":38}}},"fnMap":{"0":{"name":"(anonymous_0)","decl":{"start":{"line":2,"column":23},"end":{"line":2,"column":24}},"loc":{"start":{"line":2,"column":30},"end":{"line":2,"column":107}},"line":2},"1":{"name":"maskify2","decl":{"start":{"line":5,"column":16},"end":{"line":5,"column":24}},"loc":{"start":{"line":5,"column":29},"end":{"line":13,"column":1}},"line":5}},"branchMap":{"0":{"loc":{"start":{"line":2,"column":30},"end":{"line":2,"column":107}},"type":"cond-expr","locations":[{"start":{"line":2,"column":47},"end":{"line":2,"column":49}},{"start":{"line":2,"column":52},"end":{"line":2,"column":107}}],"line":2},"1":{"loc":{"start":{"line":6,"column":2},"end":{"line":12,"column":3}},"type":"if","locations":[{"start":{"line":6,"column":2},"end":{"line":12,"column":3}},{"start":{"line":6,"column":2},"end":{"line":12,"column":3}}],"line":6}},"s":{"0":1,"1":11,"2":0,"3":0,"4":0,"5":0,"6":0},"f":{"0":11,"1":0},"b":{"0":[6,5],"1":[0,0]},"_coverageSchema":"1a1c01bbd47fc00a2c39e90264f33305004495a9","hash":"8861e52fb2831c1c956f862d06da9e4a442487f7"}
,"/home/ls/Workspace/my/codewars/lib/testHelper.js": {"path":"/home/ls/Workspace/my/codewars/lib/testHelper.js","statementMap":{"0":{"start":{"line":2,"column":19},"end":{"line":2,"column":72}},"1":{"start":{"line":2,"column":26},"end":{"line":2,"column":72}},"2":{"start":{"line":8,"column":27},"end":{"line":12,"column":1}},"3":{"start":{"line":9,"column":2},"end":{"line":11,"column":3}},"4":{"start":{"line":19,"column":31},"end":{"line":27,"column":1}},"5":{"start":{"line":20,"column":2},"end":{"line":26,"column":5}},"6":{"start":{"line":21,"column":4},"end":{"line":25,"column":7}},"7":{"start":{"line":22,"column":6},"end":{"line":24,"column":9}},"8":{"start":{"line":23,"column":8},"end":{"line":23,"column":57}},"9":{"start":{"line":23,"column":34},"end":{"line":23,"column":55}},"10":{"start":{"line":36,"column":4},"end":{"line":36,"column":22}},"11":{"start":{"line":37,"column":4},"end":{"line":37,"column":28}}},"fnMap":{"0":{"name":"(anonymous_0)","decl":{"start":{"line":2,"column":19},"end":{"line":2,"column":20}},"loc":{"start":{"line":2,"column":26},"end":{"line":2,"column":72}},"line":2},"1":{"name":"(anonymous_1)","decl":{"start":{"line":8,"column":27},"end":{"line":8,"column":28}},"loc":{"start":{"line":8,"column":45},"end":{"line":12,"column":1}},"line":8},"2":{"name":"(anonymous_2)","decl":{"start":{"line":19,"column":31},"end":{"line":19,"column":32}},"loc":{"start":{"line":19,"column":50},"end":{"line":27,"column":1}},"line":19},"3":{"name":"(anonymous_3)","decl":{"start":{"line":20,"column":33},"end":{"line":20,"column":34}},"loc":{"start":{"line":20,"column":46},"end":{"line":26,"column":3}},"line":20},"4":{"name":"(anonymous_4)","decl":{"start":{"line":21,"column":47},"end":{"line":21,"column":48}},"loc":{"start":{"line":21,"column":53},"end":{"line":25,"column":5}},"line":21},"5":{"name":"(anonymous_5)","decl":{"start":{"line":22,"column":35},"end":{"line":22,"column":36}},"loc":{"start":{"line":22,"column":43},"end":{"line":24,"column":7}},"line":22},"6":{"name":"(anonymous_6)","decl":{"start":{"line":23,"column":28},"end":{"line":23,"column":29}},"loc":{"start":{"line":23,"column":34},"end":{"line":23,"column":55}},"line":23},"7":{"name":"(anonymous_7)","decl":{"start":{"line":35,"column":2},"end":{"line":35,"column":3}},"loc":{"start":{"line":35,"column":30},"end":{"line":38,"column":3}},"line":35}},"branchMap":{},"s":{"0":2,"1":4,"2":2,"3":18,"4":2,"5":2,"6":4,"7":4,"8":18,"9":18,"10":18,"11":18},"f":{"0":4,"1":18,"2":2,"3":4,"4":4,"5":18,"6":18,"7":18},"b":{},"_coverageSchema":"1a1c01bbd47fc00a2c39e90264f33305004495a9","hash":"d086fa30b74721ba36227f5c70dc3359470044d4"}
}
