TN:
SF:kata/6kyu/Pokemon Damage Calculator/solution.js
FN:1,calculateDamage
FNF:1
FNH:1
FNDA:7,calculateDamage
DA:2,7
LF:1
LH:1
BRF:0
BRH:0
end_of_record
TN:
SF:kata/7kyu/Credit Card Mask/solution.js
FN:2,(anonymous_0)
FN:5,maskify2
FNF:2
FNH:1
FNDA:11,(anonymous_0)
FNDA:0,maskify2
DA:2,11
DA:6,0
DA:7,0
DA:9,0
DA:10,0
DA:11,0
LF:6
LH:1
BRDA:2,0,0,6
BRDA:2,0,1,5
BRDA:6,1,0,0
BRDA:6,1,1,0
BRF:4
BRH:2
end_of_record
TN:
SF:lib/testHelper.js
FN:2,(anonymous_0)
FN:8,(anonymous_1)
FN:19,(anonymous_2)
FN:20,(anonymous_3)
FN:21,(anonymous_4)
FN:22,(anonymous_5)
FN:23,(anonymous_6)
FN:35,(anonymous_7)
FNF:8
FNH:8
FNDA:4,(anonymous_0)
FNDA:18,(anonymous_1)
FNDA:2,(anonymous_2)
FNDA:4,(anonymous_3)
FNDA:4,(anonymous_4)
FNDA:18,(anonymous_5)
FNDA:18,(anonymous_6)
FNDA:18,(anonymous_7)
DA:2,4
DA:8,2
DA:9,18
DA:19,2
DA:20,2
DA:21,4
DA:22,4
DA:23,18
DA:36,18
DA:37,18
LF:10
LH:10
BRF:0
BRH:0
end_of_record
