TN:
SF:kata/5kyu/Largest Product In A Series/solution.js
FN:3,greatestProduct
FN:14,greatestProduct2
FNF:2
FNH:1
FNDA:5,greatestProduct
FNDA:0,greatestProduct2
DA:4,5
DA:5,5
DA:6,117
DA:8,5
DA:13,1
DA:16,0
DA:19,0
DA:20,0
DA:21,0
DA:23,0
DA:24,0
DA:27,0
DA:28,0
DA:29,0
DA:33,0
DA:34,0
DA:35,0
DA:38,0
DA:39,0
DA:42,0
DA:45,0
LF:21
LH:5
BRDA:27,0,0,0
BRDA:27,0,1,0
BRDA:33,1,0,0
BRDA:33,1,1,0
BRDA:42,2,0,0
BRDA:42,2,1,0
BRF:6
BRH:0
end_of_record
TN:
SF:kata/6kyu/Pokemon Damage Calculator/solution.js
FN:6,(anonymous_0)
FN:13,(anonymous_1)
FN:33,calculateDamage2
FN:34,(anonymous_3)
FN:35,(anonymous_4)
FNF:5
FNH:2
FNDA:44,(anonymous_0)
FNDA:11,(anonymous_1)
FNDA:0,calculateDamage2
FNDA:0,(anonymous_3)
FNDA:0,(anonymous_4)
DA:7,44
DA:8,44
DA:9,44
DA:10,44
DA:13,1
DA:14,11
DA:20,11
DA:26,1
DA:34,0
DA:35,0
DA:36,0
DA:38,0
DA:39,0
DA:40,0
DA:43,0
DA:44,0
DA:47,0
DA:48,0
DA:49,0
DA:52,0
DA:53,0
DA:54,0
DA:57,0
LF:23
LH:8
BRDA:36,0,0,0
BRDA:36,0,1,0
BRDA:36,0,2,0
BRDA:36,0,3,0
BRDA:38,1,0,0
BRDA:38,1,1,0
BRDA:39,2,0,0
BRDA:39,2,1,0
BRDA:43,3,0,0
BRDA:43,3,1,0
BRDA:47,4,0,0
BRDA:47,4,1,0
BRDA:48,5,0,0
BRDA:48,5,1,0
BRDA:52,6,0,0
BRDA:52,6,1,0
BRDA:53,7,0,0
BRDA:53,7,1,0
BRF:18
BRH:0
end_of_record
TN:
SF:kata/7kyu/Credit Card Mask/solution.js
FN:2,(anonymous_0)
FN:5,maskify2
FNF:2
FNH:1
FNDA:11,(anonymous_0)
FNDA:0,maskify2
DA:2,11
DA:6,0
DA:7,0
DA:9,0
DA:10,0
DA:11,0
LF:6
LH:1
BRDA:2,0,0,6
BRDA:2,0,1,5
BRDA:6,1,0,0
BRDA:6,1,1,0
BRF:4
BRH:2
end_of_record
TN:
SF:lib/testHelper.js
FN:2,(anonymous_0)
FN:8,(anonymous_1)
FN:19,(anonymous_2)
FN:20,(anonymous_3)
FN:21,(anonymous_4)
FN:22,(anonymous_5)
FN:23,(anonymous_6)
FN:35,(anonymous_7)
FNF:8
FNH:8
FNDA:8,(anonymous_0)
FNDA:27,(anonymous_1)
FNDA:3,(anonymous_2)
FNDA:8,(anonymous_3)
FNDA:8,(anonymous_4)
FNDA:27,(anonymous_5)
FNDA:27,(anonymous_6)
FNDA:27,(anonymous_7)
DA:2,8
DA:8,3
DA:9,27
DA:19,3
DA:20,3
DA:21,8
DA:22,8
DA:23,27
DA:36,27
DA:37,27
LF:10
LH:10
BRF:0
BRH:0
end_of_record
